<?xml version="1.0" encoding="UTF-8" ?>
<testsuite errors="0" skipped="0" tests="1" time="0.023" failures="0" name="org.dal.support.AppTest">
  <properties>
    <property value="Java(TM) 2 Runtime Environment, Standard Edition" name="java.runtime.name"/>
    <property value="F:\Program Files\Java\jdk1.5.0_09\jre\bin" name="sun.boot.library.path"/>
    <property value="1.5.0_09-b01" name="java.vm.version"/>
    <property value="Sun Microsystems Inc." name="java.vm.vendor"/>
    <property value="http://java.sun.com/" name="java.vendor.url"/>
    <property value=";" name="path.separator"/>
    <property value="true" name="guice.disable.misplaced.annotation.check"/>
    <property value="Java HotSpot(TM) Client VM" name="java.vm.name"/>
    <property value="sun.io" name="file.encoding.pkg"/>
    <property value="CN" name="user.country"/>
    <property value="" name="sun.os.patch.level"/>
    <property value="Java Virtual Machine Specification" name="java.vm.specification.name"/>
    <property value="F:\workspace10\dal" name="user.dir"/>
    <property value="1.5.0_09-b01" name="java.runtime.version"/>
    <property value="sun.awt.Win32GraphicsEnvironment" name="java.awt.graphicsenv"/>
    <property value="F:\Program Files\Java\jdk1.5.0_09\jre\lib\endorsed" name="java.endorsed.dirs"/>
    <property value="x86" name="os.arch"/>
    <property value="C:\Users\RONALDO\AppData\Local\Temp\" name="java.io.tmpdir"/>
    <property value="
" name="line.separator"/>
    <property value="Sun Microsystems Inc." name="java.vm.specification.vendor"/>
    <property value="" name="user.variant"/>
    <property value="Windows NT (unknown)" name="os.name"/>
    <property value="F:\workspace10\.metadata\.plugins\org.eclipse.m2e.core\launches\m2conf563856917414780167.tmp" name="classworlds.conf"/>
    <property value="GBK" name="sun.jnu.encoding"/>
    <property value="F:\Program Files\Java\jdk1.5.0_09\bin;.;C:\Windows\system32;C:\Windows;F:/Program Files/myeclipse10/Common/binary/com.sun.java.jdk.win32.x86_1.6.0.013/jre/bin/client;F:/Program Files/myeclipse10/Common/binary/com.sun.java.jdk.win32.x86_1.6.0.013/jre/bin;F:/Program Files/myeclipse10/Common/binary/com.sun.java.jdk.win32.x86_1.6.0.013/jre/lib/i386;F:\Python33\Lib\site-packages\PyQt4;C:\Windows\system32;C:\Windows;C:\Windows\System32\Wbem;C:\Windows\System32\WindowsPowerShell\v1.0\;F:\Oracle\ora90\BIN\;F:\Program Files\Java\jdk1.6.0_02\bin;F:\Program Files\Java\jdk1.6.0_02\jre\bin;F:\bea_10\tuxedo8.1\bin;F:\Program Files\android\adt-bundle-windows-x86-20140321\sdk\tools;F:\Program Files\android\adt-bundle-windows-x86-20140321\sdk\platform-tools;F:\Python33;C:\Program Files\MySQL\MySQL Server 5.5\bin;D:\software\maven\apache-maven-3.0.4\bin;F:\Program Files\nodejs\;D:\software\mongodb\mongodb-win32-i386-2.4.9-rc0\bin;F:\Program Files\TortoiseSVN\bin;C:\Users\RONALDO\AppData\Roaming\npm" name="java.library.path"/>
    <property value="Java Platform API Specification" name="java.specification.name"/>
    <property value="49.0" name="java.class.version"/>
    <property value="HotSpot Client Compiler" name="sun.management.compiler"/>
    <property value="6.1" name="os.version"/>
    <property value="C:\Users\RONALDO" name="user.home"/>
    <property value="GMT" name="user.timezone"/>
    <property value="sun.awt.windows.WPrinterJob" name="java.awt.printerjob"/>
    <property value="GBK" name="file.encoding"/>
    <property value="1.5" name="java.specification.version"/>
    <property value="RONALDO" name="user.name"/>
    <property value="D:\software\maven\apache-maven-3.0.4\boot\plexus-classworlds-2.4.jar" name="java.class.path"/>
    <property value="1.0" name="java.vm.specification.version"/>
    <property value="32" name="sun.arch.data.model"/>
    <property value="F:\Program Files\Java\jdk1.5.0_09\jre" name="java.home"/>
    <property value="Sun Microsystems Inc." name="java.specification.vendor"/>
    <property value="zh" name="user.language"/>
    <property value="sun.awt.windows.WToolkit" name="awt.toolkit"/>
    <property value="mixed mode, sharing" name="java.vm.info"/>
    <property value="1.5.0_09" name="java.version"/>
    <property value="F:\Program Files\Java\jdk1.5.0_09\jre\lib\ext" name="java.ext.dirs"/>
    <property value="F:\Program Files\Java\jdk1.5.0_09\jre\lib\rt.jar;F:\Program Files\Java\jdk1.5.0_09\jre\lib\i18n.jar;F:\Program Files\Java\jdk1.5.0_09\jre\lib\sunrsasign.jar;F:\Program Files\Java\jdk1.5.0_09\jre\lib\jsse.jar;F:\Program Files\Java\jdk1.5.0_09\jre\lib\jce.jar;F:\Program Files\Java\jdk1.5.0_09\jre\lib\charsets.jar;F:\Program Files\Java\jdk1.5.0_09\jre\classes" name="sun.boot.class.path"/>
    <property value="Sun Microsystems Inc." name="java.vendor"/>
    <property value="D:\software\maven\apache-maven-3.0.4" name="maven.home"/>
    <property value="\" name="file.separator"/>
    <property value="http://java.sun.com/cgi-bin/bugreport.cgi" name="java.vendor.url.bug"/>
    <property value="little" name="sun.cpu.endian"/>
    <property value="UnicodeLittle" name="sun.io.unicode.encoding"/>
    <property value="windows" name="sun.desktop"/>
    <property value="pentium_pro+mmx pentium_pro pentium+mmx pentium i486 i386 i86" name="sun.cpu.isalist"/>
  </properties>
  <testcase classname="org.dal.support.AppTest" time="0.004" name="testApp"/>
</testsuite>